cd build/docs && pdflatex -interaction=nonstopmode presentation.tex
This is pdfeTeX, Version 3.141592-1.21a-2.2 (Web2C 7.5.4)
entering extended mode
(/home/dima/projects/dima/PE/Reflections/trunk/build/docs/presentation.tex
LaTeX2e <2003/12/01>
Babel <v3.8d> and hyphenation patterns for american, french, german, ngerman, b
ahasa, basque, bulgarian, catalan, croatian, czech, danish, dutch, esperanto, e
stonian, finnish, greek, icelandic, irish, italian, latin, magyar, norsk, polis
h, portuges, romanian, russian, serbian, slovak, slovene, spanish, swedish, tur
kish, ukrainian, nohyphenation, loaded.
(/usr/share/texmf/tex/latex/beamer/beamer.cls
(/usr/share/texmf/tex/latex/beamer/beamerbasercs.sty)
Document Class: beamer 2007/03/11 cvs version 3.07 A class for typesetting pres
entations (rcs-revision 1.70)
(/usr/share/texmf/tex/latex/beamer/beamerbasemodes.sty
(/usr/share/texmf/tex/latex/beamer/beamerbasedecode.sty))
(/usr/share/texmf/tex/latex/beamer/beamerbaseoptions.sty
(/usr/share/texmf/tex/latex/graphics/keyval.sty))

! LaTeX Error: File `pgfcore.sty' not found.

Type X to quit or <RETURN> to proceed,
or enter new name. (Default extension: sty)

Enter file name: 
! Emergency stop.
<read *> 
         
l.308 ^^M
         
No pages of output.
Transcript written on presentation.log.
cd build/docs && pdflatex -interaction=nonstopmode handout.tex
This is pdfeTeX, Version 3.141592-1.21a-2.2 (Web2C 7.5.4)
entering extended mode
