file /home/tobias/saim/dynsaim/SConstruct,line 43:
	Configure(confdir = .sconf_temp)
scons: Configure: Checking for C library expat... 
scons: Configure: ".sconf_temp/conftest_0.c" is up to date.
scons: Configure: The original builder output was:
  |.sconf_temp/conftest_0.c <-
  |  |
  |  |
  |  |
  |  |int
  |  |main() {
  |  |  
  |  |return 0;
  |  |}
  |  |
  |
scons: Configure: ".sconf_temp/conftest_0.o" is up to date.
scons: Configure: The original builder output was:
  |gcc -o .sconf_temp/conftest_0.o -c -Wall -Iinclude .sconf_temp/conftest_0.c
  |
scons: Configure: ".sconf_temp/conftest_0" is up to date.
scons: Configure: The original builder output was:
  |gcc -o .sconf_temp/conftest_0 -rdynamic .sconf_temp/conftest_0.o -ldl -lexpat -lexpat
  |
scons: Configure: (cached) yes

scons: Configure: Checking for sundials ... 
scons: Configure: ".sconf_temp/conftest_1" is up to date.
scons: Configure: The original builder output was:
  |sundials-config -m cvode -l c -t s
  |close failed: [Errno 9] Bad file descriptor
  |
scons: Configure: (cached) yes

scons: Configure: Checking for fltk2 ... 
scons: Configure: Building ".sconf_temp/conftest_2" failed in a previous run and all its sources are up to date.
scons: Configure: The original builder output was:
  |fltk2-config --api-version
  |close failed: [Errno 9] Bad file descriptor
  |
scons: Configure: (cached) no


