
Taskmaster: Looking for a node to evaluate
Taskmaster:     Considering node <no_state   0   '.'> and its children:
Taskmaster:        <no_state   0   'SConstruct'>
Taskmaster:        <no_state   0   'mycc'>
Taskmaster:        <no_state   0   'test.c'>
Taskmaster:        <no_state   0   'test.o'>
Taskmaster:        <no_state   0   'testapp'>
Taskmaster:      adjusted ref count: <pending    1   '.'>, child 'SConstruct'
Taskmaster:      adjusted ref count: <pending    2   '.'>, child 'mycc'
Taskmaster:      adjusted ref count: <pending    3   '.'>, child 'test.c'
Taskmaster:      adjusted ref count: <pending    4   '.'>, child 'test.o'
Taskmaster:      adjusted ref count: <pending    5   '.'>, child 'testapp'
Taskmaster:     Considering node <no_state   0   'SConstruct'> and its children:
Taskmaster: Evaluating <pending    0   'SConstruct'>

Task.make_ready_current(): node <pending    0   'SConstruct'>
Task.prepare():      node <up_to_date 0   'SConstruct'>
Task.executed_with_callbacks(): node <up_to_date 0   'SConstruct'>
Task.postprocess():  node <up_to_date 0   'SConstruct'>
Task.postprocess():  removing <up_to_date 0   'SConstruct'>
Task.postprocess():  adjusted parent ref count <pending    4   '.'>

Taskmaster: Looking for a node to evaluate
Taskmaster:     Considering node <no_state   0   'mycc'> and its children:
Taskmaster:        <no_state   0   '/usr/bin/gcc'>
Taskmaster:        <no_state   0   '/bin/cp'>
Taskmaster:      adjusted ref count: <pending    1   'mycc'>, child '/usr/bin/gcc'
Taskmaster:      adjusted ref count: <pending    2   'mycc'>, child '/bin/cp'
Taskmaster:     Considering node <no_state   0   '/usr/bin/gcc'> and its children:
Taskmaster: Evaluating <pending    0   '/usr/bin/gcc'>

Task.make_ready_current(): node <pending    0   '/usr/bin/gcc'>
Task.prepare():      node <up_to_date 0   '/usr/bin/gcc'>
Task.executed_with_callbacks(): node <up_to_date 0   '/usr/bin/gcc'>
Task.postprocess():  node <up_to_date 0   '/usr/bin/gcc'>
Task.postprocess():  removing <up_to_date 0   '/usr/bin/gcc'>
Task.postprocess():  adjusted parent ref count <pending    1   'mycc'>

Taskmaster: Looking for a node to evaluate
Taskmaster:     Considering node <no_state   0   '/bin/cp'> and its children:
Taskmaster: Evaluating <pending    0   '/bin/cp'>

Task.make_ready_current(): node <pending    0   '/bin/cp'>
Task.prepare():      node <up_to_date 0   '/bin/cp'>
Task.executed_with_callbacks(): node <up_to_date 0   '/bin/cp'>
Task.postprocess():  node <up_to_date 0   '/bin/cp'>
Task.postprocess():  removing <up_to_date 0   '/bin/cp'>
Task.postprocess():  adjusted parent ref count <pending    0   'mycc'>

Taskmaster: Looking for a node to evaluate
Taskmaster:     Considering node <pending    0   'mycc'> and its children:
Taskmaster:        <up_to_date 0   '/usr/bin/gcc'>
Taskmaster:        <up_to_date 0   '/bin/cp'>
Taskmaster: Evaluating <pending    0   'mycc'>

Task.make_ready_current(): node <pending    0   'mycc'>
Task.prepare():      node <executing  0   'mycc'>
Task.execute():      node <executing  0   'mycc'>
Task.executed_with_callbacks(): node <executing  0   'mycc'>
Task.postprocess():  node <executed   0   'mycc'>
Task.postprocess():  removing <executed   0   'mycc'>
Task.postprocess():  adjusted parent ref count <pending    3   '.'>

Taskmaster: Looking for a node to evaluate
Taskmaster:     Considering node <no_state   0   'test.c'> and its children:
Taskmaster: Evaluating <pending    0   'test.c'>

Task.make_ready_current(): node <pending    0   'test.c'>
Task.prepare():      node <up_to_date 0   'test.c'>
Task.executed_with_callbacks(): node <up_to_date 0   'test.c'>
Task.postprocess():  node <up_to_date 0   'test.c'>
Task.postprocess():  removing <up_to_date 0   'test.c'>
Task.postprocess():  adjusted parent ref count <pending    2   '.'>

Taskmaster: Looking for a node to evaluate
Taskmaster:     Considering node <no_state   0   'test.o'> and its children:
Taskmaster:        <up_to_date 0   'test.c'>
Taskmaster:        <executed   0   'mycc'>
Taskmaster: Evaluating <pending    0   'test.o'>

Task.make_ready_current(): node <pending    0   'test.o'>
Task.prepare():      node <executing  0   'test.o'>
Task.execute():      node <executing  0   'test.o'>
Task.executed_with_callbacks(): node <executing  0   'test.o'>
Task.postprocess():  node <executed   0   'test.o'>
Task.postprocess():  removing <executed   0   'test.o'>
Task.postprocess():  adjusted parent ref count <pending    1   '.'>

Taskmaster: Looking for a node to evaluate
Taskmaster:     Considering node <no_state   0   'testapp'> and its children:
Taskmaster:        <executed   0   'test.o'>
Taskmaster:        <executed   0   'mycc'>
Taskmaster: Evaluating <pending    0   'testapp'>

Task.make_ready_current(): node <pending    0   'testapp'>
Task.prepare():      node <executing  0   'testapp'>
Task.execute():      node <executing  0   'testapp'>
Task.executed_with_callbacks(): node <executing  0   'testapp'>
Task.postprocess():  node <executed   0   'testapp'>
Task.postprocess():  removing <executed   0   'testapp'>
Task.postprocess():  adjusted parent ref count <pending    0   '.'>

Taskmaster: Looking for a node to evaluate
Taskmaster:     Considering node <pending    0   '.'> and its children:
Taskmaster:        <up_to_date 0   'SConstruct'>
Taskmaster:        <executed   0   'mycc'>
Taskmaster:        <up_to_date 0   'test.c'>
Taskmaster:        <executed   0   'test.o'>
Taskmaster:        <executed   0   'testapp'>
Taskmaster: Evaluating <pending    0   '.'>

Task.make_ready_current(): node <pending    0   '.'>
Task.prepare():      node <executing  0   '.'>
Task.execute():      node <executing  0   '.'>
Task.executed_with_callbacks(): node <executing  0   '.'>
Task.postprocess():  node <executed   0   '.'>

Taskmaster: Looking for a node to evaluate
Taskmaster: No candidate anymore.

