> C:\Python27\Scripts\scons-1.3.0.bat
scons: Reading SConscript files ...

scons: warning: No installed VCs
File "M:\p\build\peps\SConstruct", line 1, in <module>

scons: warning: No version of Visual Studio compiler found - C/C++ compilers most likely not set correctly
File "M:\p\build\peps\SConstruct", line 1, in <module>

scons: warning: No installed VCs
File "M:\p\build\peps\SConstruct", line 3, in <module>

scons: warning: No version of Visual Studio compiler found - C/C++ compilers most likely not set correctly
File "M:\p\build\peps\SConstruct", line 3, in <module>
scons: done reading SConscript files.
scons: Building targets ...
scons: `.' is up to date.
scons: done building targets.


> C:\Python27\Scripts\scons-1.3.0.bat -v
SCons by Steven Knight et al.:
	engine: v1.3.0.r4720, 2010/03/24 03:14:11, by jars on jars-desktop
Copyright (c) 2001, 2002, 2003, 2004, 2005, 2006, 2007, 2008, 2009, 2010 The SCons Foundation



> C:\Python27\Scripts\scons.bat
scons: Reading SConscript files ...

scons: warning: No installed VCs
File "M:\p\build\peps\SConstruct", line 1, in <module>

scons: warning: No version of Visual Studio compiler found - C/C++ compilers most likely not set correctly
File "M:\p\build\peps\SConstruct", line 1, in <module>

scons: warning: No installed VCs
File "M:\p\build\peps\SConstruct", line 3, in <module>

scons: warning: No version of Visual Studio compiler found - C/C++ compilers most likely not set correctly
File "M:\p\build\peps\SConstruct", line 3, in <module>
scons: done reading SConscript files.
scons: Building targets ...
scons: `.' is up to date.
scons: done building targets.


> C:\Python27\Scripts\scons.bat -v
SCons by Steven Knight et al.:
	engine: v1.3.0.d20100523.r4907, 2010/05/23 14:26:42, by bdeegan on ubuntu
Copyright (c) 2001, 2002, 2003, 2004, 2005, 2006, 2007, 2008, 2009, 2010 The SCons Foundation
