scons: Reading SConscript files ...
{ 'AR': 'ar',
  'ARCOM': '$AR $ARFLAGS $TARGET $SOURCES\n$RANLIB $RANLIBFLAGS $TARGET',
  'ARFLAGS': ['r'],
  'AS': 'as',
  'ASCOM': '$AS $ASFLAGS -o $TARGET $SOURCES',
  'ASFLAGS': [],
  'ASPPCOM': '$CC $ASPPFLAGS $CPPFLAGS $_CPPDEFFLAGS $_CPPINCFLAGS -c -o $TARGET $SOURCES',
  'ASPPFLAGS': '$ASFLAGS',
  'BUILDERS': {'CFile': <SCons.Memoize.BuilderBase object at 0x20427c10>, 'Uic': <SCons.Memoize.BuilderBase object at 0x20427ed0>, 'SharedLibrary': <SCons.Memoize.MultiStepBuilder object at 0x203334f0>, 'Tar': <SCons.Memoize.BuilderBase object at 0x20391e70>, 'CXXFile': <SCons.Memoize.BuilderBase object at 0x20427d10>, 'Object': <SCons.Memoize.MultiStepBuilder object at 0x20427750>, 'Zip': <SCons.Memoize.BuilderBase object at 0x20427330>, 'StaticLibrary': <SCons.Memoize.MultiStepBuilder object at 0x20427ab0>, 'M4': <SCons.Memoize.BuilderBase object at 0x20427e10>, 'Program': <SCons.Memoize.MultiStepBuilder object at 0x20339b50>, 'Library': <SCons.Memoize.MultiStepBuilder object at 0x20427ab0>, 'Moc': <SCons.Memoize.BuilderBase object at 0x2042e210>, 'LoadableModule': <SCons.Memoize.MultiStepBuilder object at 0x204275d0>, 'StaticObject': <SCons.Memoize.MultiStepBuilder object at 0x20427750>, 'SharedObject': <SCons.Memoize.MultiStepBuilder object at 0x20427870>},
  'CC': '/usr/vac/bin/xlc',
  'CCCOM': '$CC -o $TARGET -c $CCFLAGS $_CCCOMCOM $SOURCES',
  'CCFLAGS': [],
  'CCVERSION': '6.0.0.0',
  'CFILESUFFIX': '.c',
  'CONFIGUREDIR': '#/.sconf_temp',
  'CONFIGURELOG': '#/config.log',
  'CPPDEFPREFIX': '-D',
  'CPPDEFSUFFIX': '',
  'CPPPATH': ['$QT_CPPPATH'],
  'CPPSUFFIXES': [ '.c',
                   '.C',
                   '.cxx',
                   '.cpp',
                   '.c++',
                   '.cc',
                   '.h',
                   '.H',
                   '.hxx',
                   '.hpp',
                   '.hh',
                   '.F',
                   '.fpp',
                   '.FPP',
                   '.m',
                   '.mm',
                   '.S',
                   '.spp',
                   '.SPP'],
  'CXX': '/usr/vac/bin/xlc',
  'CXXCOM': '$CXX -o $TARGET -c $CXXFLAGS $_CCCOMCOM $SOURCES',
  'CXXFILESUFFIX': '.cc',
  'CXXFLAGS': ['$CCFLAGS'],
  'CXXVERSION': '6.0.0.0',
  'DSUFFIXES': ['.d'],
  'Dir': <SCons.Defaults.Variable_Method_Caller instance at 0x2026c3f0>,
  'Dirs': <SCons.Defaults.Variable_Method_Caller instance at 0x2026c418>,
  'ENV': {'PATH': '/usr/local/bin:/opt/bin:/bin:/usr/bin'},
  'ESCAPE': <function escape at 0x20335870>,
  'FORTRANMODDIR': '',
  'FORTRANMODDIRPREFIX': '',
  'FORTRANMODDIRSUFFIX': '',
  'FORTRANMODPREFIX': '',
  'FORTRANMODSUFFIX': '.mod',
  'FORTRANSUFFIXES': [ '.f',
                       '.for',
                       '.ftn',
                       '.fpp',
                       '.FPP',
                       '.F',
                       '.FOR',
                       '.FTN',
                       '.f95',
                       '.F95'],
  'FRAMEWORKPATH': [],
  'FRAMEWORKS': [],
  'File': <SCons.Defaults.Variable_Method_Caller instance at 0x2026c440>,
  'IDLSUFFIXES': ['.idl', '.IDL'],
  'INCPREFIX': '-I',
  'INCSUFFIX': '',
  'INSTALL': <function copyFunc at 0x2026d430>,
  'LDMODULE': '$SHLINK',
  'LDMODULECOM': '$SHLINKCOM',
  'LDMODULEFLAGS': '$SHLINKFLAGS',
  'LDMODULEPREFIX': '$SHLIBPREFIX',
  'LDMODULESUFFIX': '$SHLIBSUFFIX',
  'LEX': 'lex',
  'LEXCOM': '$LEX $LEXFLAGS -t $SOURCES > $TARGET',
  'LEXFLAGS': [],
  'LIBDIRPREFIX': '-L',
  'LIBDIRSUFFIX': '',
  'LIBEMITTER': [<SCons.Tool.qt._Automoc instance at 0x20428a30>],
  'LIBLINKPREFIX': '-l',
  'LIBLINKSUFFIX': '',
  'LIBPATH': ['$QT_LIBPATH'],
  'LIBPREFIX': 'lib',
  'LIBPREFIXES': '$LIBPREFIX',
  'LIBS': ['$QT_LIB'],
  'LIBSUFFIX': '.a',
  'LIBSUFFIXES': ['$LIBSUFFIX', '$SHLIBSUFFIX'],
  'LINK': '$SMARTLINK',
  'LINKCOM': '$LINK -o $TARGET $LINKFLAGS $SOURCES $_LIBDIRFLAGS $_LIBFLAGS',
  'LINKFLAGS': ['$SMARTLINKFLAGS'],
  'M4': 'm4',
  'M4COM': 'cd ${SOURCE.rsrcdir} && $M4 $M4FLAGS < ${SOURCE.file} > ${TARGET.abspath}',
  'M4FLAGS': ['-E'],
  'MAXLINELENGTH': 21576,
  'OBJPREFIX': '',
  'OBJSUFFIX': '.o',
  'PDFPREFIX': '',
  'PDFSUFFIX': '.pdf',
  'PLATFORM': 'aix',
  'PROGEMITTER': [<SCons.Tool.qt._Automoc instance at 0x20428a30>],
  'PROGPREFIX': '',
  'PROGSUFFIX': '',
  'PSPAWN': <function piped_env_spawn at 0x203354b0>,
  'PSPREFIX': '',
  'PSSUFFIX': '.ps',
  'QTDIR': '/tools/rd/qt/v3.3.8',
  'QT_AUTOSCAN': 1,
  'QT_BINPATH': '$QTDIR/bin',
  'QT_CPPPATH': '$QTDIR/include',
  'QT_LIB': 'qt',
  'QT_LIBPATH': '$QTDIR/lib',
  'QT_MOC': '$QT_BINPATH/moc',
  'QT_MOCCXXPREFIX': '',
  'QT_MOCCXXSUFFIX': '.moc',
  'QT_MOCFROMCXXCOM': [ ['$QT_MOC', '$QT_MOCFROMCXXFLAGS', '-o', '${TARGETS[0]}', '$SOURCE'],
                        <SCons.Memoize.FunctionAction object at 0x2042e090>],
  'QT_MOCFROMCXXFLAGS': ['-i'],
  'QT_MOCFROMHCOM': '$QT_MOC $QT_MOCFROMHFLAGS -o ${TARGETS[0]} $SOURCE',
  'QT_MOCFROMHFLAGS': [],
  'QT_MOCHPREFIX': 'moc_',
  'QT_MOCHSUFFIX': '$CXXFILESUFFIX',
  'QT_UIC': '$QT_BINPATH/uic',
  'QT_UICCOM': [ ['$QT_UIC', '$QT_UICDECLFLAGS', '-o', '${TARGETS[0]}', '$SOURCE'],
                 ['$QT_UIC', '$QT_UICIMPLFLAGS', '-impl', '${TARGETS[0].file}', '-o', '${TARGETS[1]}', '$SOURCE'],
                 ['$QT_MOC', '$QT_MOCFROMHFLAGS', '-o', '${TARGETS[2]}', '${TARGETS[0]}']],
  'QT_UICDECLFLAGS': [],
  'QT_UICDECLPREFIX': '',
  'QT_UICDECLSUFFIX': '.h',
  'QT_UICIMPLFLAGS': [],
  'QT_UICIMPLPREFIX': 'uic_',
  'QT_UICIMPLSUFFIX': '$CXXFILESUFFIX',
  'QT_UISUFFIX': '.ui',
  'RANLIB': 'ranlib',
  'RANLIBFLAGS': [],
  'RDirs': <SCons.Defaults.Variable_Method_Caller instance at 0x2026c468>,
  'SCANNERS': [],
  'SCCS': 'sccs',
  'SCCSCOM': '$SCCS $SCCSFLAGS get $SCCSGETFLAGS $TARGET',
  'SCCSFLAGS': [],
  'SCCSGETFLAGS': [],
  'SHCC': '/usr/vac/bin/xlc_r',
  'SHCCCOM': '$SHCC -o $TARGET -c $SHCCFLAGS $_CCCOMCOM $SOURCES',
  'SHCCFLAGS': ['$CCFLAGS'],
  'SHCXX': '/usr/vacpp/bin/xlC_r',
  'SHCXXCOM': '$SHCXX -o $TARGET -c $SHCXXFLAGS $_CCCOMCOM $SOURCES',
  'SHCXXFLAGS': ['$CXXFLAGS'],
  'SHELL': 'sh',
  'SHLIBEMITTER': [<SCons.Tool.qt._Automoc instance at 0x20481e18>],
  'SHLIBPREFIX': '$LIBPREFIX',
  'SHLIBSUFFIX': '.a',
  'SHLINK': '$LINK',
  'SHLINKCOM': '$SHLINK -o $TARGET $SHLINKFLAGS $SOURCES $_LIBDIRFLAGS $_LIBFLAGS',
  'SHLINKFLAGS': ['$LINKFLAGS', '-qmkshrobj', '-qsuppress=1501-218'],
  'SHOBJPREFIX': '$OBJPREFIX',
  'SHOBJSUFFIX': '.pic.o',
  'SMARTLINK': <function smart_link at 0x203377b0>,
  'SMARTLINKFLAGS': <function smart_linkflags at 0x20337770>,
  'SPAWN': <function spawnvpe_spawn at 0x203353b0>,
  'STATIC_AND_SHARED_OBJECTS_ARE_THE_SAME': 0,
  'TAR': 'tar',
  'TARCOM': '$TAR $TARFLAGS -f $TARGET $SOURCES',
  'TARFLAGS': ['-c'],
  'TARSUFFIX': '.tar',
  'TEMPFILE': <class SCons.Platform.TempFileMunge at 0x20278cc0>,
  'TEMPFILEPREFIX': '@',
  'TOOLS': [ 'default',
             'aixlink',
             'aixcc',
             'aixc++',
             'f95',
             'as',
             'ar',
             'lex',
             'm4',
             'SCCS',
             'tar',
             'yacc',
             'zip',
             'qt'],
  'YACC': 'yacc',
  'YACCCOM': '$YACC $YACCFLAGS -o $TARGET $SOURCES',
  'YACCFLAGS': [],
  'YACCHFILESUFFIX': '.h',
  'YACCHXXFILESUFFIX': '.hpp',
  'ZIP': 'zip',
  'ZIPCOM': <SCons.Memoize.FunctionAction object at 0x20398c30>,
  'ZIPCOMPRESSION': 8,
  'ZIPFLAGS': [],
  'ZIPSUFFIX': '.zip',
  '_CCCOMCOM': '$CPPFLAGS $_CPPDEFFLAGS $_CPPINCFLAGS',
  '_CPPDEFFLAGS': '${_defines(CPPDEFPREFIX, CPPDEFINES, CPPDEFSUFFIX, __env__)}',
  '_CPPINCFLAGS': '$( ${_concat(INCPREFIX, CPPPATH, INCSUFFIX, __env__, RDirs, TARGET, SOURCE)} $)',
  '_F95COMD': '$_F95G -o $TARGET -c $_F95FLAGSG $_F95INCFLAGS $_FORTRANMODFLAG $SOURCES',
  '_F95COMG': <SCons.Tool.fortran.VariableListGenerator instance at 0x203430d0>,
  '_F95COMSTRG': <SCons.Tool.fortran.VariableListGenerator instance at 0x203430f8>,
  '_F95FLAGSG': <SCons.Tool.fortran.VariableListGenerator instance at 0x203430a8>,
  '_F95G': <SCons.Tool.fortran.VariableListGenerator instance at 0x2033baa8>,
  '_F95INCFLAGS': '$( ${_concat(INCPREFIX, F95PATH, INCSUFFIX, __env__, RDirs, TARGET, SOURCE)} $)',
  '_F95PPCOMD': '$_F95G -o $TARGET -c $_F95FLAGSG $CPPFLAGS $_CPPDEFFLAGS $_F95INCFLAGS $_FORTRANMODFLAG $SOURCES',
  '_F95PPCOMG': <SCons.Tool.fortran.VariableListGenerator instance at 0x20343120>,
  '_F95PPCOMSTRG': <SCons.Tool.fortran.VariableListGenerator instance at 0x20343148>,
  '_FORTRANCOMD': '$_FORTRANG -o $TARGET -c $_FORTRANFLAGSG $_FORTRANINCFLAGS $_FORTRANMODFLAG $SOURCES',
  '_FORTRANCOMG': <SCons.Tool.fortran.VariableListGenerator instance at 0x2033e0a8>,
  '_FORTRANCOMSTRG': <SCons.Tool.fortran.VariableListGenerator instance at 0x2033e148>,
  '_FORTRAND': 'f95',
  '_FORTRANFLAGSG': <SCons.Tool.fortran.VariableListGenerator instance at 0x2033e3a0>,
  '_FORTRANG': <SCons.Tool.fortran.VariableListGenerator instance at 0x2033ead0>,
  '_FORTRANINCFLAGS': '$( ${_concat(INCPREFIX, FORTRANPATH, INCSUFFIX, __env__, RDirs, TARGET, SOURCE)} $)',
  '_FORTRANMODFLAG': '$( ${_concat(FORTRANMODDIRPREFIX, FORTRANMODDIR, FORTRANMODDIRSUFFIX, __env__)} $)',
  '_FORTRANPPCOMD': '$_FORTRANG -o $TARGET -c $_FORTRANFLAGSG $CPPFLAGS $_CPPDEFFLAGS $_FORTRANINCFLAGS $_FORTRANMODFLAG $SOURCES',
  '_FORTRANPPCOMG': <SCons.Tool.fortran.VariableListGenerator instance at 0x2033e198>,
  '_FORTRANPPCOMSTRG': <SCons.Tool.fortran.VariableListGenerator instance at 0x2033e350>,
  '_LIBDIRFLAGS': '$( ${_concat(LIBDIRPREFIX, LIBPATH, LIBDIRSUFFIX, __env__, RDirs, TARGET, SOURCE)} $)',
  '_LIBFLAGS': '${_stripixes(LIBLINKPREFIX, LIBS, LIBLINKSUFFIX, LIBPREFIX, LIBSUFFIX, __env__)}',
  '_SHF95COMD': '$_SHF95G -o $TARGET -c $_SHF95FLAGSG $_F95INCFLAGS $_FORTRANMODFLAG $SOURCES',
  '_SHF95COMG': <SCons.Tool.fortran.VariableListGenerator instance at 0x203431c0>,
  '_SHF95COMSTRG': <SCons.Tool.fortran.VariableListGenerator instance at 0x203431e8>,
  '_SHF95FLAGSG': <SCons.Tool.fortran.VariableListGenerator instance at 0x20343198>,
  '_SHF95G': <SCons.Tool.fortran.VariableListGenerator instance at 0x20343170>,
  '_SHF95PPCOMD': '$_SHF95G -o $TARGET -c $_SHF95FLAGSG $CPPFLAGS $_CPPDEFFLAGS $_F95INCFLAGS $_FORTRANMODFLAG $SOURCES',
  '_SHF95PPCOMG': <SCons.Tool.fortran.VariableListGenerator instance at 0x20343238>,
  '_SHF95PPCOMSTRG': <SCons.Tool.fortran.VariableListGenerator instance at 0x20343288>,
  '_SHFORTRANCOMD': '$_SHFORTRANG -o $TARGET -c $_SHFORTRANFLAGSG $_FORTRANINCFLAGS $_FORTRANMODFLAG $SOURCES',
  '_SHFORTRANCOMG': <SCons.Tool.fortran.VariableListGenerator instance at 0x2033e418>,
  '_SHFORTRANCOMSTRG': <SCons.Tool.fortran.VariableListGenerator instance at 0x2033e468>,
  '_SHFORTRANFLAGSG': <SCons.Tool.fortran.VariableListGenerator instance at 0x2033e1e8>,
  '_SHFORTRANG': <SCons.Tool.fortran.VariableListGenerator instance at 0x2033e968>,
  '_SHFORTRANPPCOMD': '$_SHFORTRANG -o $TARGET -c $_SHFORTRANFLAGSG $CPPFLAGS $_CPPDEFFLAGS $_FORTRANINCFLAGS $_FORTRANMODFLAG $SOURCES',
  '_SHFORTRANPPCOMG': <SCons.Tool.fortran.VariableListGenerator instance at 0x2033e4e0>,
  '_SHFORTRANPPCOMSTRG': <SCons.Tool.fortran.VariableListGenerator instance at 0x2033e580>,
  '__RPATH': '$_RPATH',
  '_concat': <function _concat at 0x2026d4b0>,
  '_defines': <function _defines at 0x2026d530>,
  '_stripixes': <function _stripixes at 0x2026d4f0>}
scons: done reading SConscript files.
scons: Building targets ...
/tools/rd/qt/v3.3.8/bin/uic -o src/cpp/process/license_manager/migratelicencesform.h src/cpp/process/license_manager/migratelicencesform.ui
Could not load program /tools/rd/qt/v3.3.8/bin/uic:
        Dependent module libqt-mt.a could not be loaded.
Could not load module libqt-mt.a.
System error: No such file or directory
scons: *** [src/cpp/process/license_manager/migratelicencesform.h] Error 255
scons: building terminated because of errors.
$

